<?xml version="1.0" encoding="UTF-8"?>
<testsuite xmlns:xsi="http://www.w3.org/2001/XMLSchema-instance" xsi:noNamespaceSchemaLocation="https://maven.apache.org/surefire/maven-surefire-plugin/xsd/surefire-test-report-3.0.xsd" version="3.0" name="com.example.MainTest" time="0.167" tests="15" errors="0" skipped="0" failures="0">
  <properties>
[...]
</properties>
  <testcase name="testInvalidPricesThrowException(List)[1]" classname="com.example.MainTest" time="0.05"/>
  <testcase name="testInvalidPricesThrowException(List)[2]" classname="com.example.MainTest" time="0.002"/>
  <testcase name="testInvalidPricesThrowException(List)[3]" classname="com.example.MainTest" time="0.001"/>
  <testcase name="testThrowsExceptionForNullOrEmptyList" classname="com.example.MainTest" time="0.002"/>
  <testcase name="testCalculateOrderPrice(List, String, double)[1]" classname="com.example.MainTest" time="0.004"/>
  <testcase name="testCalculateOrderPrice(List, String, double)[2]" classname="com.example.MainTest" time="0.002"/>
  <testcase name="testCalculateOrderPrice(List, String, double)[3]" classname="com.example.MainTest" time="0.001"/>
  <testcase name="testCalculateOrderPrice(List, String, double)[4]" classname="com.example.MainTest" time="0.001"/>
  <testcase name="testCalculateOrderPrice(List, String, double)[5]" classname="com.example.MainTest" time="0.001"/>
  <testcase name="testCalculateOrderPrice(List, String, double)[6]" classname="com.example.MainTest" time="0.001"/>
  <testcase name="testCalculateOrderPrice(List, String, double)[7]" classname="com.example.MainTest" time="0.001"/>
  <testcase name="testCalculateOrderPrice(List, String, double)[8]" classname="com.example.MainTest" time="0.001"/>
  <testcase name="testCalculateOrderPrice(List, String, double)[9]" classname="com.example.MainTest" time="0.001"/>
  <testcase name="testCalculateOrderPrice(List, String, double)[10]" classname="com.example.MainTest" time="0.001"/>
  <testcase name="testCalculateOrderPrice(List, String, double)[11]" classname="com.example.MainTest" time="0.001"/>
</testsuite>